<?xml version="1.0" encoding="UTF-8"?>
<!-- Generated by org.testng.reporters.JUnitReportReporter -->
<testsuite hostname="UE-LT5-DEV-AnilKasture" failures="0" tests="1" name="com.edm_dsm_web.testcases.RSContractorProjectSubmitTest" time="205.240" errors="0" timestamp="2023-09-07T20:42:38 IST" skipped="0">
  <testcase classname="com.edm_dsm_web.testcases.RSContractorProjectSubmitTest" name="rsContractorProjectSubmitcase" time="205.240"/>
</testsuite> <!-- com.edm_dsm_web.testcases.RSContractorProjectSubmitTest -->
