<?xml version="1.0" encoding="UTF-8"?>
<!-- Generated by org.testng.reporters.JUnitReportReporter -->
<testsuite hostname="UE-LT5-DEV-AnilKasture" failures="0" tests="2" name="com.edm_dsm_web.testcases.RSRegistration_ScheduleAssignByAdminTest" time="198.294" errors="0" timestamp="2023-08-31T20:31:56 IST" skipped="0">
  <testcase classname="com.edm_dsm_web.testcases.RSRegistration_ScheduleAssignByAdminTest" name="rsRegistrationCompleteCase" time="54.921"/>
  <testcase classname="com.edm_dsm_web.testcases.RSRegistration_ScheduleAssignByAdminTest" name="rsRegistredCustomerScheduleAssignByAdminCase" time="143.373"/>
</testsuite> <!-- com.edm_dsm_web.testcases.RSRegistration_ScheduleAssignByAdminTest -->
