<?xml version="1.0" encoding="UTF-8"?>
<!-- Generated by org.testng.reporters.JUnitReportReporter -->
<testsuite hostname="UE-LT5-DEV-AnilKasture" failures="0" tests="2" name="com.edm_dsm_web.testcases.RSRegistrationScheduleAssignByCustomerTest" time="221.054" errors="0" timestamp="2023-08-25T10:39:38 IST" skipped="0">
  <testcase classname="com.edm_dsm_web.testcases.RSRegistrationScheduleAssignByCustomerTest" name="rsRegistrationCompleteInPersonPaymentCase" time="195.033"/>
  <testcase classname="com.edm_dsm_web.testcases.RSRegistrationScheduleAssignByCustomerTest" name="rsRegistredCustomerDataValidationCase" time="26.021"/>
</testsuite> <!-- com.edm_dsm_web.testcases.RSRegistrationScheduleAssignByCustomerTest -->
