<?xml version="1.0" encoding="UTF-8"?>
<!-- Generated by org.testng.reporters.JUnitReportReporter -->
<testsuite hostname="UE-LT5-DEV-AnilKasture" failures="0" tests="1" name="com.edm_dsm_web.testcases.HUPWorkOrderUptoApproveTest" time="42.556" errors="0" timestamp="2023-09-21T15:55:13 IST" skipped="0">
  <testcase classname="com.edm_dsm_web.testcases.HUPWorkOrderUptoApproveTest" name="hupWorkOrder_VerifyProjectDataCase" time="42.556"/>
</testsuite> <!-- com.edm_dsm_web.testcases.HUPWorkOrderUptoApproveTest -->
