<?xml version="1.0" encoding="UTF-8"?>
<!-- Generated by org.testng.reporters.JUnitReportReporter -->
<testsuite hostname="UE-LT5-DEV-AnilKasture" failures="0" tests="8" name="com.edm_dsm_web.testcases.RSRegistrationScheduleAssignByCustomerTest" time="306.461" errors="0" timestamp="2023-09-14T12:58:42 IST" skipped="0">
  <testcase classname="com.edm_dsm_web.testcases.RSRegistrationScheduleAssignByCustomerTest" name="rsRegistrationCompleteCase" time="23.982"/>
  <testcase classname="com.edm_dsm_web.testcases.RSRegistrationScheduleAssignByCustomerTest" name="rsRegistrationCompleteCase" time="50.860"/>
  <testcase classname="com.edm_dsm_web.testcases.RSRegistrationScheduleAssignByCustomerTest" name="rsRegistrationCompleteCase" time="63.534"/>
  <testcase classname="com.edm_dsm_web.testcases.RSRegistrationScheduleAssignByCustomerTest" name="rsRegistrationCompleteCase" time="22.588"/>
  <testcase classname="com.edm_dsm_web.testcases.RSRegistrationScheduleAssignByCustomerTest" name="rsRegistrationCompleteCase" time="20.265"/>
  <testcase classname="com.edm_dsm_web.testcases.RSRegistrationScheduleAssignByCustomerTest" name="rsRegistrationCompleteCase" time="22.294"/>
  <testcase classname="com.edm_dsm_web.testcases.RSRegistrationScheduleAssignByCustomerTest" name="rsRegistrationCompleteCase" time="58.003"/>
  <testcase classname="com.edm_dsm_web.testcases.RSRegistrationScheduleAssignByCustomerTest" name="rsRegistrationCompleteCase" time="44.935"/>
</testsuite> <!-- com.edm_dsm_web.testcases.RSRegistrationScheduleAssignByCustomerTest -->
