<?xml version="1.0" encoding="UTF-8"?>
<!-- Generated by org.testng.reporters.JUnitReportReporter -->
<testsuite hostname="UE-LT5-DEV-AnilKasture" failures="0" tests="2" name="com.edm_dsm_web.testcases.HUPCustomerApplicationTest" time="376.643" errors="0" timestamp="2023-09-14T16:41:34 IST" skipped="0">
  <testcase classname="com.edm_dsm_web.testcases.HUPCustomerApplicationTest" name="hupCustomerApplicationSubmissioncase" time="294.392"/>
  <testcase classname="com.edm_dsm_web.testcases.HUPCustomerApplicationTest" name="hupCustomerApplicationStatusChangeToApproveCase" time="82.251"/>
</testsuite> <!-- com.edm_dsm_web.testcases.HUPCustomerApplicationTest -->
