<?xml version="1.0" encoding="UTF-8"?>
<!-- Generated by org.testng.reporters.JUnitReportReporter -->
<testsuite hostname="UE-LT5-DEV-AnilKasture" failures="0" tests="1" name="com.edm_dsm_web.testcases.RSContractorProjectSubmitTest" time="500.910" errors="0" timestamp="2023-10-26T22:53:58 IST" skipped="0">
  <testcase classname="com.edm_dsm_web.testcases.RSContractorProjectSubmitTest" name="rsCustomerRegistration_ContractorProjectSubmitcase" time="500.910"/>
</testsuite> <!-- com.edm_dsm_web.testcases.RSContractorProjectSubmitTest -->
