<?xml version="1.0" encoding="UTF-8"?>
<!-- Generated by org.testng.reporters.JUnitReportReporter -->
<testsuite hostname="UE-LT5-DEV-AnilKasture" failures="0" tests="2" name="com.edm_dsm_web.testcases.HUPCustomerApplicationTest" time="128.019" errors="0" timestamp="2023-09-01T16:13:03 IST" skipped="0">
  <testcase classname="com.edm_dsm_web.testcases.HUPCustomerApplicationTest" name="hupCustomerApplicationSubmissioncase" time="69.685"/>
  <testcase classname="com.edm_dsm_web.testcases.HUPCustomerApplicationTest" name="hupCustomerApplicationStatusChangeToApproveCase" time="58.334"/>
</testsuite> <!-- com.edm_dsm_web.testcases.HUPCustomerApplicationTest -->
